<?xml version="1.0" encoding="UTF-8"?>
<!-- Generated by org.testng.reporters.JUnitXMLReporter -->
<testsuite hostname="DESKTOP-736A7HP" ignored="0" name="TestOnChrome" tests="1" failures="1" timestamp="2020-06-30T16:44:39 EDT" time="0.054" errors="0">
  <testcase name="googleSearchTest" time="0.008" classname="test.GoogleSearchTest">
    <failure type="java.lang.NullPointerException">
      <![CDATA[java.lang.NullPointerException
at test.GoogleSearchTest.googleSearchTest(GoogleSearchTest.java:16)
at java.util.ArrayList.forEach(Unknown Source)
at java.util.concurrent.FutureTask.run(Unknown Source)
at java.util.concurrent.ThreadPoolExecutor.runWorker(Unknown Source)
at java.util.concurrent.ThreadPoolExecutor$Worker.run(Unknown Source)
at java.lang.Thread.run(Unknown Source)
... Removed 20 stack frames]]>
    </failure>
  </testcase> <!-- googleSearchTest -->
</testsuite> <!-- TestOnChrome -->
